<?xml version="1.0" encoding="UTF-8"?>
<testng-results ignored="0" total="1" passed="1" failed="0" skipped="0">
  <reporter-output>
  </reporter-output>
  <suite started-at="2023-06-28T18:35:51 IST" name="Default suite" finished-at="2023-06-28T18:35:57 IST" duration-ms="6295">
    <groups>
    </groups>
    <test started-at="2023-06-28T18:35:51 IST" name="Default test" finished-at="2023-06-28T18:35:57 IST" duration-ms="6295">
      <class name="CucumbersT.CucumberTutorials.ScrSht">
        <test-method signature="scrsht()[pri:0, instance:CucumbersT.CucumberTutorials.ScrSht@45099dd3]" started-at="2023-06-28T18:35:51 IST" name="scrsht" finished-at="2023-06-28T18:35:57 IST" duration-ms="6226" status="PASS">
          <reporter-output>
          </reporter-output>
        </test-method> <!-- scrsht -->
      </class> <!-- CucumbersT.CucumberTutorials.ScrSht -->
    </test> <!-- Default test -->
  </suite> <!-- Default suite -->
</testng-results>
